{"message":"Storing poem 2b5fc583-6479-4753-b204-dc0fd726ddde for poem 'testpoem'...","level":"info"}
{"message":"Storing poem 2b5fc583-6479-4753-b204-dc0fd726ddde for poem 'testpoem'...","level":"info"}
{"message":"Storing poem 2b5fc583-6479-4753-b204-dc0fd726ddde for poem 'testpoem'...","level":"info"}
{"message":"Storing line 0 for poem 'testpoem'...","level":"info"}
{"message":"Storing line 1 for poem 'testpoem'...","level":"info"}
{"message":"Storing line 2 for poem 'testpoem'...","level":"info"}
{"message":"Storing line 0 for poem 'testpoem'...","level":"info"}
{"message":"Storing line 1 for poem 'testpoem'...","level":"info"}
{"message":"Storing line 2 for poem 'testpoem'...","level":"info"}
{"message":"Storing line 0 for poem 'testpoem'...","level":"info"}
{"message":"Storing line 1 for poem 'testpoem'...","level":"info"}
{"message":"Storing line 2 for poem 'testpoem'...","level":"info"}
{"message":"Storing line 0 for poem 'testpoem'...","level":"info"}
{"message":"Storing line 1 for poem 'testpoem'...","level":"info"}
{"message":"Storing line 2 for poem 'testpoem'...","level":"info"}
{"message":"Storing line 0 for poem 'testpoem'...","level":"info"}
{"message":"Storing line 1 for poem 'testpoem'...","level":"info"}
{"message":"Storing line 2 for poem 'testpoem'...","level":"info"}
{"message":"Storing line 1 for poem 'testpoem'...","level":"info"}
{"message":"Storing line 0 for poem 'testpoem'...","level":"info"}
{"message":"Storing line 2 for poem 'testpoem'...","level":"info"}
{"message":"Storing line 0 for poem 'testpoem'...","level":"info"}
{"message":"Storing line 1 for poem 'testpoem'...","level":"info"}
{"message":"Storing line 2 for poem 'testpoem'...","level":"info"}
{"message":"Storing line 1 for poem 'testpoem'...","level":"info"}
{"message":"Storing line 0 for poem 'testpoem'...","level":"info"}
{"message":"Storing line 2 for poem 'testpoem'...","level":"info"}
{"message":"Storing line 0 for poem 'testpoem'...","level":"info"}
{"message":"Storing line 1 for poem 'testpoem'...","level":"info"}
{"message":"Storing line 2 for poem 'testpoem'...","level":"info"}
{"message":"Storing line 0 for poem 'testpoem'...","level":"info"}
{"message":"Storing line 1 for poem 'testpoem'...","level":"info"}
{"message":"Storing line 2 for poem 'testpoem'...","level":"info"}
{"message":"Storing line 1 for poem 'testpoem'...","level":"info"}
{"message":"Storing line 0 for poem 'testpoem'...","level":"info"}
{"message":"Storing line 2 for poem 'testpoem'...","level":"info"}
{"message":"Storing line 0 for poem 'He'...","level":"info"}
{"message":"Storing line 1 for poem 'He'...","level":"info"}
{"message":"Storing line 2 for poem 'He'...","level":"info"}
{"message":"Storing line 0 for poem 'Gene call me '...","level":"info"}
{"message":"Storing line 1 for poem 'Gene call me '...","level":"info"}
{"message":"Storing line 2 for poem 'Gene call me '...","level":"info"}
{"message":"Storing line 0 for poem 'Gene call me '...","level":"info"}
{"message":"Storing line 1 for poem 'Gene call me '...","level":"info"}
{"message":"Storing line 2 for poem 'Gene call me '...","level":"info"}
{"message":"Storing line 1 for poem 'Sweet Gene is powerful in a way I '...","level":"info"}
{"message":"Storing line 0 for poem 'Sweet Gene is powerful in a way I '...","level":"info"}
{"message":"Storing line 2 for poem 'Sweet Gene is powerful in a way I '...","level":"info"}
{"message":"Storing line 1 for poem 'NO ONE talking about '...","level":"info"}
{"message":"Storing line 0 for poem 'NO ONE talking about '...","level":"info"}
{"message":"Storing line 2 for poem 'NO ONE talking about '...","level":"info"}
{"message":"Storing line 1 for poem 'Claire, '...","level":"info"}
{"message":"Storing line 0 for poem 'Claire, '...","level":"info"}
{"message":"Storing line 2 for poem 'Claire, '...","level":"info"}
{"message":"Storing line 0 for poem 'is a catchy new '...","level":"info"}
{"message":"Storing line 1 for poem 'is a catchy new '...","level":"info"}
{"message":"Storing line 2 for poem 'is a catchy new '...","level":"info"}
{"message":"Storing line 1 for poem 'is a catchy new '...","level":"info"}
{"message":"Storing line 2 for poem 'is a catchy new '...","level":"info"}
{"message":"Storing line 0 for poem 'is a catchy new '...","level":"info"}
{"message":"Storing line 0 for poem 'is a catchy new '...","level":"info"}
{"message":"Storing line 2 for poem 'is a catchy new '...","level":"info"}
{"message":"Storing line 1 for poem 'is a catchy new '...","level":"info"}
{"message":"Storing line 0 for poem 'is a catchy new '...","level":"info"}
{"message":"Storing line 2 for poem 'is a catchy new '...","level":"info"}
{"message":"Storing line 1 for poem 'is a catchy new '...","level":"info"}
{"message":"Storing line 0 for poem 'Hunzi '...","level":"info"}
{"message":"Storing line 1 for poem 'Hunzi '...","level":"info"}
{"message":"Storing line 2 for poem 'Hunzi '...","level":"info"}
{"message":"Storing line 0 for poem 'Andy'...","level":"info"}
{"message":"Storing line 2 for poem 'Andy'...","level":"info"}
{"message":"Storing line 1 for poem 'Andy'...","level":"info"}
{"message":"Storing line 0 for poem 'you '...","level":"info"}
{"message":"Storing line 1 for poem 'you '...","level":"info"}
{"message":"Storing line 2 for poem 'you '...","level":"info"}
{"message":"Storing line 1 for poem 'you '...","level":"info"}
{"message":"Storing line 2 for poem 'you '...","level":"info"}
{"message":"Storing line 0 for poem 'you '...","level":"info"}
{"message":"Storing line 0 for poem 'you '...","level":"info"}
{"message":"Storing line 1 for poem 'you '...","level":"info"}
{"message":"Storing line 2 for poem 'you '...","level":"info"}
{"message":"Storing line 0 for poem 'you '...","level":"info"}
{"message":"Storing line 1 for poem 'you '...","level":"info"}
{"message":"Storing line 2 for poem 'you '...","level":"info"}
{"message":"Storing line 0 for poem 'you '...","level":"info"}
{"message":"Storing line 2 for poem 'you '...","level":"info"}
{"message":"Storing line 1 for poem 'you '...","level":"info"}
{"message":"Storing line 0 for poem 'you '...","level":"info"}
{"message":"Storing line 1 for poem 'you '...","level":"info"}
{"message":"Storing line 2 for poem 'you '...","level":"info"}
{"message":"Storing line 0 for poem 'exact same '...","level":"info"}
{"message":"Storing line 1 for poem 'exact same '...","level":"info"}
{"message":"Storing line 2 for poem 'exact same '...","level":"info"}
{"message":"Storing line 0 for poem 'Answer '...","level":"info"}
{"message":"Storing line 1 for poem 'Answer '...","level":"info"}
{"message":"Storing line 2 for poem 'Answer '...","level":"info"}
{"message":"Storing line 0 for poem 'Answer '...","level":"info"}
{"message":"Storing line 1 for poem 'Answer '...","level":"info"}
{"message":"Storing line 2 for poem 'Answer '...","level":"info"}
{"message":"Storing line 1 for poem 'WHERE'...","level":"info"}
{"message":"Storing line 0 for poem 'WHERE'...","level":"info"}
{"message":"Storing line 2 for poem 'WHERE'...","level":"info"}
{"message":"Storing line 1 for poem 'Stracciatella'...","level":"info"}
{"message":"Storing line 0 for poem 'Stracciatella'...","level":"info"}
{"message":"Storing line 2 for poem 'Stracciatella'...","level":"info"}
{"message":"Storing line 1 for poem 'someone '...","level":"info"}
{"message":"Storing line 0 for poem 'someone '...","level":"info"}
{"message":"Storing line 2 for poem 'someone '...","level":"info"}
{"message":"Storing line 1 for poem 'Andy'...","level":"info"}
{"message":"Storing line 0 for poem 'Andy'...","level":"info"}
{"message":"Storing line 2 for poem 'Andy'...","level":"info"}
{"message":"Storing line 1 for poem 'Andy '...","level":"info"}
{"message":"Storing line 0 for poem 'Andy '...","level":"info"}
{"message":"Storing line 2 for poem 'Andy '...","level":"info"}
{"message":"Storing line 0 for poem 'me, there's mint chip and there's everything else\" Christachio '...","level":"info"}
{"message":"Storing line 1 for poem 'me, there's mint chip and there's everything else\" Christachio '...","level":"info"}
{"message":"Storing line 2 for poem 'me, there's mint chip and there's everything else\" Christachio '...","level":"info"}
{"message":"Storing line 0 for poem 'Andy'...","level":"info"}
{"message":"Storing line 1 for poem 'Andy'...","level":"info"}
{"message":"Storing line 2 for poem 'Andy'...","level":"info"}
{"message":"Storing line 0 for poem 'flavored '...","level":"info"}
{"message":"Storing line 1 for poem 'flavored '...","level":"info"}
{"message":"Storing line 2 for poem 'flavored '...","level":"info"}
{"message":"Storing line 1 for poem 'flavored '...","level":"info"}
{"message":"Storing line 0 for poem 'flavored '...","level":"info"}
{"message":"Storing line 2 for poem 'flavored '...","level":"info"}
{"message":"Storing line 0 for poem 'I love all the '...","level":"info"}
{"message":"Storing line 1 for poem 'I love all the '...","level":"info"}
{"message":"Storing line 2 for poem 'I love all the '...","level":"info"}
{"message":"Storing line 1 for poem 'the spoon '...","level":"info"}
{"message":"Storing line 0 for poem 'the spoon '...","level":"info"}
{"message":"Storing line 2 for poem 'the spoon '...","level":"info"}
{"message":"Storing line 0 for poem 'We '...","level":"info"}
{"message":"Storing line 1 for poem 'We '...","level":"info"}
{"message":"Storing line 2 for poem 'We '...","level":"info"}
{"message":"Storing line 0 for poem 'Chris' dinosaur impressions! Everyone, ask for it in the comments and let's make '...","level":"info"}
{"message":"Storing line 1 for poem 'Chris' dinosaur impressions! Everyone, ask for it in the comments and let's make '...","level":"info"}
{"message":"Storing line 2 for poem 'Chris' dinosaur impressions! Everyone, ask for it in the comments and let's make '...","level":"info"}
{"message":"Storing line 1 for poem 'to '...","level":"info"}
{"message":"Storing line 0 for poem 'to '...","level":"info"}
{"message":"Storing line 2 for poem 'to '...","level":"info"}
{"message":"Storing line 3 for poem 'to '...","level":"info"}
{"message":"Storing line 4 for poem 'to '...","level":"info"}
{"message":"Storing line 5 for poem 'to '...","level":"info"}
{"message":"Storing line 6 for poem 'to '...","level":"info"}
{"message":"Storing line 7 for poem 'to '...","level":"info"}
{"message":"Storing line 8 for poem 'to '...","level":"info"}
{"message":"Storing line 9 for poem 'to '...","level":"info"}
{"message":"Storing line 10 for poem 'to '...","level":"info"}
{"message":"Storing line 13 for poem 'to '...","level":"info"}
{"message":"Storing line 11 for poem 'to '...","level":"info"}
{"message":"Storing line 12 for poem 'to '...","level":"info"}
{"message":"Storing line 0 for poem 'Molly'...","level":"info"}
{"message":"Storing line 1 for poem 'Molly'...","level":"info"}
{"message":"Storing line 2 for poem 'Molly'...","level":"info"}
{"message":"Storing line 0 for poem 'Who'...","level":"info"}
{"message":"Storing line 1 for poem 'Who'...","level":"info"}
{"message":"Storing line 2 for poem 'Who'...","level":"info"}
{"message":"Storing line 0 for poem 'need to know how Molly got '...","level":"info"}
{"message":"Storing line 1 for poem 'need to know how Molly got '...","level":"info"}
{"message":"Storing line 2 for poem 'need to know how Molly got '...","level":"info"}
{"message":"Storing line 1 for poem 'Molly's'...","level":"info"}
{"message":"Storing line 0 for poem 'Molly's'...","level":"info"}
{"message":"Storing line 2 for poem 'Molly's'...","level":"info"}
